[0.655s] Invoking command in '/home/zaid-khan/ros_git_ws/src/my_robo_controller': DEBUGINFOD_URLS=https://debuginfod.ubuntu.com PYTHONPATH=/home/zaid-khan/ros_git_ws/build/my_robo_controller/prefix_override:/usr/lib/python3/dist-packages/colcon_core/task/python/colcon_distutils_commands:/home/zaid-khan/ros_git_ws/install/my_robo_controller/lib/python3.12/site-packages:${PYTHONPATH} /usr/bin/python3 -W ignore:setup.py install is deprecated -W ignore:easy_install command is deprecated setup.py egg_info --egg-base ../../build/my_robo_controller build --build-base /home/zaid-khan/ros_git_ws/build/my_robo_controller/build install --record /home/zaid-khan/ros_git_ws/build/my_robo_controller/install.log --single-version-externally-managed install_data
[0.867s] running egg_info
[0.882s] writing ../../build/my_robo_controller/my_robo_controller.egg-info/PKG-INFO
[0.882s] writing dependency_links to ../../build/my_robo_controller/my_robo_controller.egg-info/dependency_links.txt
[0.882s] writing entry points to ../../build/my_robo_controller/my_robo_controller.egg-info/entry_points.txt
[0.882s] writing requirements to ../../build/my_robo_controller/my_robo_controller.egg-info/requires.txt
[0.882s] writing top-level names to ../../build/my_robo_controller/my_robo_controller.egg-info/top_level.txt
[0.914s] reading manifest file '../../build/my_robo_controller/my_robo_controller.egg-info/SOURCES.txt'
[0.914s] writing manifest file '../../build/my_robo_controller/my_robo_controller.egg-info/SOURCES.txt'
[0.915s] running build
[0.915s] running build_py
[0.915s] running install
[0.920s] running install_lib
[0.936s] running install_data
[0.936s] running install_egg_info
[0.953s] removing '/home/zaid-khan/ros_git_ws/install/my_robo_controller/lib/python3.12/site-packages/my_robo_controller-0.0.0-py3.12.egg-info' (and everything under it)
[0.953s] Copying ../../build/my_robo_controller/my_robo_controller.egg-info to /home/zaid-khan/ros_git_ws/install/my_robo_controller/lib/python3.12/site-packages/my_robo_controller-0.0.0-py3.12.egg-info
[0.954s] running install_scripts
[1.062s] Installing first_node script to /home/zaid-khan/ros_git_ws/install/my_robo_controller/lib/my_robo_controller
[1.063s] Installing loop_node script to /home/zaid-khan/ros_git_ws/install/my_robo_controller/lib/my_robo_controller
[1.063s] Installing publisher_node script to /home/zaid-khan/ros_git_ws/install/my_robo_controller/lib/my_robo_controller
[1.063s] Installing subscriber_node script to /home/zaid-khan/ros_git_ws/install/my_robo_controller/lib/my_robo_controller
[1.063s] writing list of installed files to '/home/zaid-khan/ros_git_ws/build/my_robo_controller/install.log'
[1.088s] Invoked command in '/home/zaid-khan/ros_git_ws/src/my_robo_controller' returned '0': DEBUGINFOD_URLS=https://debuginfod.ubuntu.com PYTHONPATH=/home/zaid-khan/ros_git_ws/build/my_robo_controller/prefix_override:/usr/lib/python3/dist-packages/colcon_core/task/python/colcon_distutils_commands:/home/zaid-khan/ros_git_ws/install/my_robo_controller/lib/python3.12/site-packages:${PYTHONPATH} /usr/bin/python3 -W ignore:setup.py install is deprecated -W ignore:easy_install command is deprecated setup.py egg_info --egg-base ../../build/my_robo_controller build --build-base /home/zaid-khan/ros_git_ws/build/my_robo_controller/build install --record /home/zaid-khan/ros_git_ws/build/my_robo_controller/install.log --single-version-externally-managed install_data
