/home/zaid-khan/ros_git_ws/install/my_robo_controller/lib/python3.12/site-packages/my_robo_controller/__init__.py
/home/zaid-khan/ros_git_ws/install/my_robo_controller/lib/python3.12/site-packages/my_robo_controller/Circle_Publisher_Node.py
/home/zaid-khan/ros_git_ws/install/my_robo_controller/lib/python3.12/site-packages/my_robo_controller/Position_Subscriber_Node.py
/home/zaid-khan/ros_git_ws/install/my_robo_controller/lib/python3.12/site-packages/my_robo_controller/my_first_node.py
/home/zaid-khan/ros_git_ws/install/my_robo_controller/lib/python3.12/site-packages/my_robo_controller/Loop_Node.py
/home/zaid-khan/ros_git_ws/install/my_robo_controller/lib/python3.12/site-packages/my_robo_controller/__pycache__/__init__.cpython-312.pyc
/home/zaid-khan/ros_git_ws/install/my_robo_controller/lib/python3.12/site-packages/my_robo_controller/__pycache__/Circle_Publisher_Node.cpython-312.pyc
/home/zaid-khan/ros_git_ws/install/my_robo_controller/lib/python3.12/site-packages/my_robo_controller/__pycache__/Position_Subscriber_Node.cpython-312.pyc
/home/zaid-khan/ros_git_ws/install/my_robo_controller/lib/python3.12/site-packages/my_robo_controller/__pycache__/my_first_node.cpython-312.pyc
/home/zaid-khan/ros_git_ws/install/my_robo_controller/lib/python3.12/site-packages/my_robo_controller/__pycache__/Loop_Node.cpython-312.pyc
/home/zaid-khan/ros_git_ws/install/my_robo_controller/share/ament_index/resource_index/packages/my_robo_controller
/home/zaid-khan/ros_git_ws/install/my_robo_controller/share/my_robo_controller/package.xml
/home/zaid-khan/ros_git_ws/install/my_robo_controller/lib/python3.12/site-packages/my_robo_controller-0.0.0-py3.12.egg-info/PKG-INFO
/home/zaid-khan/ros_git_ws/install/my_robo_controller/lib/python3.12/site-packages/my_robo_controller-0.0.0-py3.12.egg-info/requires.txt
/home/zaid-khan/ros_git_ws/install/my_robo_controller/lib/python3.12/site-packages/my_robo_controller-0.0.0-py3.12.egg-info/dependency_links.txt
/home/zaid-khan/ros_git_ws/install/my_robo_controller/lib/python3.12/site-packages/my_robo_controller-0.0.0-py3.12.egg-info/zip-safe
/home/zaid-khan/ros_git_ws/install/my_robo_controller/lib/python3.12/site-packages/my_robo_controller-0.0.0-py3.12.egg-info/entry_points.txt
/home/zaid-khan/ros_git_ws/install/my_robo_controller/lib/python3.12/site-packages/my_robo_controller-0.0.0-py3.12.egg-info/top_level.txt
/home/zaid-khan/ros_git_ws/install/my_robo_controller/lib/python3.12/site-packages/my_robo_controller-0.0.0-py3.12.egg-info/SOURCES.txt
/home/zaid-khan/ros_git_ws/install/my_robo_controller/lib/my_robo_controller/first_node
/home/zaid-khan/ros_git_ws/install/my_robo_controller/lib/my_robo_controller/loop_node
/home/zaid-khan/ros_git_ws/install/my_robo_controller/lib/my_robo_controller/publisher_node
/home/zaid-khan/ros_git_ws/install/my_robo_controller/lib/my_robo_controller/subscriber_node
